=--=--=--=
Sat Oct 22 00:16:08 2022
UTC offset: 2:00 (CEST)
PID: 4116320, ms_server version: 1.13.0-48
=--=--=--=
1022 00:16:08.588! unable to mlock() memory, ulimit -l (12/Cannot allocate memory)
1022 00:16:08.591  raitcp.1 raitcp listening on [::]:6100
1022 00:16:08.591  raimesh.2 raimesh listening on [::]:7100
1022 00:16:08.591  raimesh.2 add_mesh_connect tcp://vxr-pp-raicache01:7100 (2794d93) tcp://vxr-pp-raicache02:7100 (36c58649)
1022 00:16:08.591  raimesh.2 not connecting to self (tcp://vxr-pp-raicache01:7100)
1022 00:16:08.591  raimesh.3 connect clear 10.126.5.57:7100 ev_tcp_tport_client using rvd.raimesh.3 fd 17
1022 00:16:08.591  ipc.0 rvd listening on [::]:7500
1022 00:16:08.591  web: web start listening on [::]:7580
1022 00:16:08.591  service rvd key pair loaded
1022 00:16:08.591  transient user vxr-pp-raicache01_7500 created
1022 00:16:08.591  session vxr-pp-raicache01_7500.rvd[NTJmHG3045ZJI+98ONwT4Q] started, start time 1666390568.581729296
1022 00:16:08.591  running background deamon PID: 4116322
1022 00:16:08.591  pub-window-size: 4194304 bytes
1022 00:16:08.591  sub-window-size: 4194304 bytes
1022 00:16:08.591  pub-window-time: 10 secs
1022 00:16:08.591  sub-window-time: 10 secs
1022 00:16:08.591  heartbeat: 10 secs
1022 00:16:08.591  reliability: 15 secs
1022 00:16:08.591  vxr-pp-raicache02_7500.1 set_mesh( tcp://vxr-pp-raicache02:7100, tport=rvd.raimesh.tport.3, hash=36c58649 )
1022 00:16:08.591  vxr-pp-raicache02_7500.1 i_am false oldest true
1022 00:16:08.591  vxr-pp-raicache02_7500.1 version matches 1.13.0-48
1022 00:16:08.591  vxr-pp-raicache02_7500.1 auth msg verified with service rvd public key
1022 00:16:08.591  vxr-pp-raicache02_7500.1 [H0vyB1mFjMY30wp6SHwm2Q] add authentication from hello via challenge @ rvd.raimesh.tport.3, state new, count=1
1022 00:16:08.598  network converges 0.006 secs, 1 uids authenticated, adj_update
1022 00:16:08.789  raimesh.3 disconnected 10.126.5.57:7100 (Sock error=6/ERR_READ_RESET, read connection reset fd=17 state=0 name=rvd.raimesh.tcp_conn.3 peer=10.126.5.57:7100 errno=104/Connection reset by peer)
1022 00:16:08.789  vxr-pp-raicache02_7500.1 add inbox no valid routes yet
1022 00:16:08.789  vxr-pp-raicache02_7500.1 [H0vyB1mFjMY30wp6SHwm2Q] remove auth source_close 
1022 00:16:08.789  reconnect in 1 seconds
1022 00:16:08.789  reconnect timer running (on_shutdown)
1022 00:16:08.798  network converges 0.010 secs, 0 uids authenticated, pop_route
1022 00:16:08.813  raimesh.2 connect clear 10.126.5.57:33896 ev_tcp_tport using rvd.raimesh fd 17
1022 00:16:08.813  raimesh.4 add_mesh_accept tcp://vxr-pp-raicache01:7100 from 10.126.5.57:33896
1022 00:16:08.813  vxr-pp-raicache02_7500.2 set_mesh( tcp://vxr-pp-raicache02:7100, tport=rvd.raimesh.tport.4, hash=36c58649 )
1022 00:16:08.813  vxr-pp-raicache02_7500.2 I am oldest peer
1022 00:16:08.813  vxr-pp-raicache02_7500.2 version matches 1.13.0-48
1022 00:16:08.813  vxr-pp-raicache02_7500.2 auth msg verified with service rvd public key
1022 00:16:08.813  vxr-pp-raicache02_7500.2 [otVvR/U9d5yx/Diel/WAtQ] add authentication from handshake via challenge @ rvd.raimesh.tport.4, state new, count=1
1022 00:16:08.822  network converges 0.005 secs, 1 uids authenticated, adj_change
1022 00:16:08.822  start_network:        service 9000, ""
1022 00:16:08.846  start_network:        service 9001, ""
1022 00:16:09.796  raimesh.3 stopped trying 10.126.5.57:7100 (already connected to mesh)
1022 00:16:09.796  vxr-pp-raicache02_7500.1 [H0vyB1mFjMY30wp6SHwm2Q] add authentication from peer_add via vxr-pp-raicache02_7500 @ rvd.raimesh.tport.4, state reanimated, count=2
1022 00:16:09.796  vxr-pp-raicache01_7500.3 [rOXP42CgeTwWzMq5SKbP2A] add authentication from sync_result via vxr-pp-raicache02_7500 @ rvd.raimesh.tport.4, state new, count=1
1022 00:16:09.818  vxr-pp-raicache02_7500.1 no route, primary tport 4
1022 00:16:09.818  vxr-pp-raicache01_7500.3 no route, primary tport 4
1022 00:16:10.108  timeout pending peer [8o2pmyKlF36EsD6WMAlBvg] (vxr-pp-tsmqry_7500) -> vxr-pp-raicache02_7500 (peer_db)
1022 00:16:10.286  raimesh.4 disconnected 10.126.5.57:33896 (Sock fd=17 state=0 name=rvd.raimesh.tcp_acc.2 peer=10.126.5.57:33896)
1022 00:16:10.286  vxr-pp-raicache02_7500.2 add inbox no valid routes yet
1022 00:16:10.286  vxr-pp-raicache02_7500.2 [otVvR/U9d5yx/Diel/WAtQ] remove auth source_close 
1022 00:16:10.308  vxr-pp-raicache02_7500.1 no route, primary tport 4
1022 00:16:10.308  vxr-pp-raicache01_7500.3 no route, primary tport 4
1022 00:16:10.324  raimesh.2 connect clear 10.126.5.57:33904 ev_tcp_tport using rvd.raimesh fd 17
1022 00:16:10.324  raimesh.3 add_mesh_accept tcp://vxr-pp-raicache01:7100 from 10.126.5.57:33904
1022 00:16:10.324  vxr-pp-raicache02_7500.4 set_mesh( tcp://vxr-pp-raicache02:7100, tport=rvd.raimesh.tport.3, hash=36c58649 )
1022 00:16:10.324  vxr-pp-raicache02_7500.4 I am oldest peer
1022 00:16:10.324  vxr-pp-raicache02_7500.4 version matches 1.13.0-48
1022 00:16:10.324  raimesh.3 disconnected 10.126.5.57:33904 (Sock fd=17 state=0 name=rvd.raimesh.tcp_acc.2 peer=10.126.5.57:33904)
1022 00:16:10.348  vxr-pp-raicache02_7500.1 no route, primary tport 4
1022 00:16:10.348  vxr-pp-raicache01_7500.3 no route, primary tport 4
1022 00:16:10.447  raimesh.2 connect clear 10.126.5.57:33910 ev_tcp_tport using rvd.raimesh fd 17
1022 00:16:10.447  raimesh.3 add_mesh_accept tcp://vxr-pp-raicache01:7100 from 10.126.5.57:33910
1022 00:16:10.447  vxr-pp-raicache02_7500.5 set_mesh( tcp://vxr-pp-raicache02:7100, tport=rvd.raimesh.tport.3, hash=36c58649 )
1022 00:16:10.447  vxr-pp-raicache02_7500.5 I am oldest peer
1022 00:16:10.447  vxr-pp-raicache02_7500.5 version matches 1.13.0-48
1022 00:16:10.447  raimesh.3 disconnected 10.126.5.57:33910 (Sock fd=17 state=0 name=rvd.raimesh.tcp_acc.2 peer=10.126.5.57:33910)
1022 00:16:10.468  vxr-pp-raicache02_7500.1 no route, primary tport 4
1022 00:16:10.468  vxr-pp-raicache01_7500.3 no route, primary tport 4
1022 00:16:10.568  raimesh.2 connect clear 10.126.5.57:33912 ev_tcp_tport using rvd.raimesh fd 17
1022 00:16:10.568  raimesh.3 add_mesh_accept tcp://vxr-pp-raicache01:7100 from 10.126.5.57:33912
1022 00:16:10.569  vxr-pp-raicache02_7500.6 set_mesh( tcp://vxr-pp-raicache02:7100, tport=rvd.raimesh.tport.3, hash=36c58649 )
1022 00:16:10.569  vxr-pp-raicache02_7500.6 I am oldest peer
1022 00:16:10.569  vxr-pp-raicache02_7500.6 version matches 1.13.0-48
1022 00:16:10.569  raimesh.3 disconnected 10.126.5.57:33912 (Sock fd=17 state=0 name=rvd.raimesh.tcp_acc.2 peer=10.126.5.57:33912)
1022 00:16:10.598  vxr-pp-raicache02_7500.1 no route, primary tport 4
1022 00:16:10.598  vxr-pp-raicache01_7500.3 no route, primary tport 4
1022 00:16:10.691  raimesh.2 connect clear 10.126.5.57:33914 ev_tcp_tport using rvd.raimesh fd 17
1022 00:16:10.691  raimesh.3 add_mesh_accept tcp://vxr-pp-raicache01:7100 from 10.126.5.57:33914
1022 00:16:10.691  vxr-pp-raicache02_7500.7 set_mesh( tcp://vxr-pp-raicache02:7100, tport=rvd.raimesh.tport.3, hash=36c58649 )
1022 00:16:10.691  vxr-pp-raicache02_7500.7 I am oldest peer
1022 00:16:10.691  vxr-pp-raicache02_7500.7 version matches 1.13.0-48
1022 00:16:10.691  raimesh.3 disconnected 10.126.5.57:33914 (Sock fd=17 state=0 name=rvd.raimesh.tcp_acc.2 peer=10.126.5.57:33914)
1022 00:16:10.718  vxr-pp-raicache02_7500.1 no route, primary tport 4
1022 00:16:10.718  vxr-pp-raicache01_7500.3 no route, primary tport 4
1022 00:16:11.368  timeout pending peer [LJMkjwc5gWyQ0FLyottsGg] (vxr-pp-procs_7500) -> vxr-pp-raicache02_7500 (peer_db)
1022 00:16:11.557  raitcp.1 connect clear 10.126.5.52:54542 ev_tcp_tport using rvd.raitcp fd 17
1022 00:16:11.557  raitcp.5 add_tcp_accept
1022 00:16:11.557  raitcp.1 connect clear 10.126.5.50:47478 ev_tcp_tport using rvd.raitcp fd 27
1022 00:16:11.557  raitcp.6 add_tcp_accept
1022 00:16:11.557  vxr-pp-strategy_7500.8 i_am false oldest true
1022 00:16:11.566  vxr-pp-oms_7500.9 i_am false oldest true
1022 00:16:11.566  vxr-pp-strategy_7500.8 i_am false oldest true
1022 00:16:11.566  vxr-pp-strategy_7500.8 old_hb_seqno 45 seqno 46, age 400000645334
1022 00:16:11.566  vxr-pp-strategy_7500.8 version matches 1.13.0-48
1022 00:16:11.570  vxr-pp-strategy_7500.8 auth msg verified with service rvd public key
1022 00:16:11.570  vxr-pp-strategy_7500.8 [642813wl5yNfew1dA/HMOA] add authentication from handshake via challenge @ rvd.raitcp.tport.5, state new, count=1
1022 00:16:11.570  vxr-pp-procs_7500.10 [LJMkjwc5gWyQ0FLyottsGg] add authentication from sync_result via vxr-pp-strategy_7500 @ rvd.raitcp.tport.5, state new, count=1
1022 00:16:11.570  vxr-pp-tsmqry_7500.11 [8o2pmyKlF36EsD6WMAlBvg] add authentication from sync_result via vxr-pp-strategy_7500 @ rvd.raitcp.tport.5, state new, count=1
1022 00:16:11.570  vxr-pp-raicache02_7500.2 [otVvR/U9d5yx/Diel/WAtQ] add authentication from sync_result via vxr-pp-strategy_7500 @ rvd.raitcp.tport.5, state reanimated, count=2
1022 00:16:11.648  vxr-pp-raicache02_7500.1 old primary route is tport rvd.raimesh.tport.4(d=4294967295), using route rvd.raitcp.tport.5(d=4294967295)
1022 00:16:11.648  vxr-pp-raicache02_7500.2 no route, primary tport 5
1022 00:16:11.648  vxr-pp-raicache01_7500.3 old primary route is tport rvd.raimesh.tport.4(d=4294967295), using route rvd.raitcp.tport.5(d=4294967295)
1022 00:16:11.878  vxr-pp-qs_7500.12 [aLedVBxKqVU0bUdRhDH0tQ] add authentication from sync_result via vxr-pp-strategy_7500 @ rvd.raitcp.tport.5, state new, count=1
1022 00:16:11.958  vxr-pp-raicache02_7500.2 no route, primary tport 5
1022 00:16:12.791  start_network:        service 9400, ""
1022 00:16:12.831  start_network:        service 9410, ""
1022 00:16:12.872  start_network:        service 9401, ""
1022 00:16:12.913  start_network:        service 9600, ""
1022 00:16:12.953  start_network:        service 9500, ""
1022 00:16:12.996  start_network:        service 9411, ""
1022 00:16:13.038  vxr-pp-raicache02_7500.2 no route, primary tport 5
1022 00:16:13.138  timeout pending peer [ScUn24pt0SX5bfhywjaEJA] (vxr-pp-oms_7500) -> vxr-pp-raicache01_7500 (peer_db)
1022 00:16:13.888  vxr-pp-raicache02_7500.2 no route, primary tport 5
1022 00:16:14.818  vxr-pp-raicache01_7500.3 adjacency request timeout (raitcp.5 vxr-pp-strategy_7500.8@tcp://10.126.5.52:54542)
1022 00:16:14.889  vxr-pp-raicache02_7500.2 no route, primary tport 5
1022 00:16:15.427  vxr-pp-raicache01_7500.3 [rOXP42CgeTwWzMq5SKbP2A] remove auth dropped 
1022 00:16:15.889  timeout pending peer [ScUn24pt0SX5bfhywjaEJA] (vxr-pp-oms_7500) -> vxr-pp-raicache02_7500 (adj_result)
1022 00:16:16.629  vxr-pp-raicache02_7500.1 adjacency request timeout (raitcp.5 vxr-pp-strategy_7500.8@tcp://10.126.5.52:54542)
1022 00:16:16.639  vxr-pp-raicache02_7500.2 adjacency request timeout (raitcp.5 vxr-pp-strategy_7500.8@tcp://10.126.5.52:54542)
1022 00:16:16.689  vxr-pp-raicache02_7500.2 no route, primary tport 5
1022 00:16:17.718  timeout pending peer [ScUn24pt0SX5bfhywjaEJA] (vxr-pp-oms_7500) -> vxr-pp-raicache02_7500 (adj_result)
1022 00:16:18.507  vxr-pp-raicache02_7500.1 [H0vyB1mFjMY30wp6SHwm2Q] remove auth dropped 
1022 00:16:19.749  vxr-pp-raicache02_7500.2 no route, primary tport 5
1022 00:16:21.415  vxr-pp-oms_7500.9 i_am false oldest true
1022 00:16:21.415  vxr-pp-oms_7500.9 old_hb_seqno 94 seqno 95, age 878948240213
1022 00:16:21.415  vxr-pp-oms_7500.9 version matches 1.13.0-48
1022 00:16:21.415  vxr-pp-oms_7500.9 auth msg verified with service rvd public key
1022 00:16:21.415  vxr-pp-oms_7500.9 [ScUn24pt0SX5bfhywjaEJA] add authentication from handshake via challenge @ rvd.raitcp.tport.6, state new, count=1
1022 00:16:21.468  vxr-pp-raicache02_7500.2 no route, primary tport 5
1022 00:16:21.468  vxr-pp-procs_7500.10 old primary route is tport rvd.raitcp.tport.5(d=1100), using route rvd.raitcp.tport.6(d=1100)
1022 00:16:21.468  vxr-pp-tsmqry_7500.11 old primary route is tport rvd.raitcp.tport.5(d=1100), using route rvd.raitcp.tport.6(d=1100)
1022 00:16:21.468  vxr-pp-qs_7500.12 old primary route is tport rvd.raitcp.tport.5(d=1100), using route rvd.raitcp.tport.6(d=1100)
1022 00:16:21.688  vxr-pp-raicache02_7500.2 adjacency request timeout (raitcp.5 vxr-pp-strategy_7500.8@tcp://10.126.5.52:54542)
1022 00:16:21.738  vxr-pp-raicache02_7500.2 no route, primary tport 5
1022 00:16:23.678  vxr-pp-raicache02_7500.2 no route, primary tport 5
1022 00:16:24.738  vxr-pp-raicache02_7500.2 no route, primary tport 5
1022 00:16:26.739  vxr-pp-raicache02_7500.2 adjacency request timeout (raitcp.5 vxr-pp-strategy_7500.8@tcp://10.126.5.52:54542)
1022 00:16:26.789  vxr-pp-raicache02_7500.2 no route, primary tport 5
1022 00:16:29.557  vxr-pp-raicache02_7500.2 [otVvR/U9d5yx/Diel/WAtQ] remove auth dropped 
1022 00:16:29.838  network converges 8.423 secs, 5 uids authenticated, unknown_adj
1022 00:16:33.508  network converges 0.049 secs, 5 uids authenticated, adj_change
1022 00:16:41.496  raimesh.2 connect clear 10.126.5.57:34020 ev_tcp_tport using rvd.raimesh fd 42
1022 00:16:41.496  raimesh.3 add_mesh_accept tcp://vxr-pp-raicache01:7100 from 10.126.5.57:34020
1022 00:16:41.496  vxr-pp-raicache02_7500.13 set_mesh( tcp://vxr-pp-raicache02:7100, tport=rvd.raimesh.tport.3, hash=36c58649 )
1022 00:16:41.496  vxr-pp-raicache02_7500.13 I am oldest peer
1022 00:16:41.496  vxr-pp-raicache02_7500.13 version matches 1.13.0-48
=--=--=--=
Sat Oct 22 00:23:35 2022
UTC offset: 2:00 (CEST)
PID: 4116944, ms_server version: 1.13.0-48
=--=--=--=
1022 00:23:35.080! unable to mlock() memory, ulimit -l (12/Cannot allocate memory)
1022 00:23:35.082  raitcp.1 raitcp listening on [::]:6100
1022 00:23:35.082  raimesh.2 raimesh listening on [::]:7100
1022 00:23:35.082  raimesh.2 add_mesh_connect tcp://vxr-pp-raicache01:7100 (2794d93) tcp://vxr-pp-raicache02:7100 (36c58649)
1022 00:23:35.082  raimesh.2 not connecting to self (tcp://vxr-pp-raicache01:7100)
1022 00:23:35.082  raimesh.3 connect clear 10.126.5.57:7100 ev_tcp_tport_client using rvd.raimesh.3 fd 17
1022 00:23:35.082  ipc.0 rvd listening on [::]:7500
1022 00:23:35.082  web: web start listening on [::]:7580
1022 00:23:35.082  service rvd key pair loaded
1022 00:23:35.082  transient user vxr-pp-raicache01_7500 created
1022 00:23:35.082  session vxr-pp-raicache01_7500.rvd[3+Xo4cQYPciUNS9lWSg5Ig] started, start time 1666391015.73404236
1022 00:23:35.082  running background deamon PID: 4116946
1022 00:23:35.082  pub-window-size: 4194304 bytes
1022 00:23:35.082  sub-window-size: 4194304 bytes
1022 00:23:35.082  pub-window-time: 10 secs
1022 00:23:35.082  sub-window-time: 10 secs
1022 00:23:35.082  heartbeat: 10 secs
1022 00:23:35.082  reliability: 15 secs
1022 00:23:35.082  vxr-pp-raicache02_7500.1 set_mesh( tcp://vxr-pp-raicache02:7100, tport=rvd.raimesh.tport.3, hash=36c58649 )
1022 00:23:35.082  vxr-pp-raicache02_7500.1 version matches 1.13.0-48
1022 00:23:35.082  vxr-pp-raicache02_7500.1 auth msg verified with service rvd public key
1022 00:23:35.082  vxr-pp-raicache02_7500.1 [3Fy/HqQzhKwxZtkVw8NpEA] add authentication from hello via challenge @ rvd.raimesh.tport.3, state new, count=1
1022 00:23:35.090  network converges 0.007 secs, 1 uids authenticated, adj_update
1022 00:23:35.265  raimesh.3 disconnected 10.126.5.57:7100 (Sock fd=17 state=0 name=rvd.raimesh.tcp_conn.3 peer=10.126.5.57:7100)
1022 00:23:35.265  vxr-pp-raicache02_7500.1 add inbox no valid routes yet
1022 00:23:35.265  vxr-pp-raicache02_7500.1 [3Fy/HqQzhKwxZtkVw8NpEA] remove auth source_close 
1022 00:23:35.265  reconnect in 1 seconds
1022 00:23:35.265  reconnect timer running (on_shutdown)
1022 00:23:35.270  network converges 0.006 secs, 0 uids authenticated, pop_route
1022 00:23:35.719  start_network:        service 9000, ""
1022 00:23:36.269  raimesh.3 connect clear 10.126.5.57:7100 ev_tcp_tport_client using rvd.raimesh.3 fd 21
1022 00:23:36.269  raimesh.3 disconnected 10.126.5.57:7100 (Sock error=5/ERR_BAD_READ, read failed fd=21 state=0 name=rvd.raimesh.tcp_conn.3 peer=10.126.5.57:7100 errno=111/Connection refused)
1022 00:23:36.269  reconnect in 3 seconds
1022 00:23:36.269  reconnect timer running (on_shutdown)
1022 00:23:36.601  timeout pending peer [fTJ/tXnsXcU20ggg+6Mz3g] (vxr-pp-strategy_7500) -> vxr-pp-raicache02_7500 (peer_db)
1022 00:23:36.807  raitcp.1 connect clear 10.126.5.50:47630 ev_tcp_tport using rvd.raitcp fd 21
1022 00:23:36.807  raitcp.4 add_tcp_accept
1022 00:23:36.817  network converges 0.004 secs, 0 uids authenticated, add_tport
1022 00:23:36.817  vxr-pp-oms_7500.2 version matches 1.13.0-48
1022 00:23:36.817  vxr-pp-oms_7500.2 auth msg verified with service rvd public key
1022 00:23:36.817  vxr-pp-oms_7500.2 [ScUn24pt0SX5bfhywjaEJA] add authentication from hello via challenge @ rvd.raitcp.tport.4, state new, count=1
1022 00:23:36.817  vxr-pp-raicache02_7500.1 [3Fy/HqQzhKwxZtkVw8NpEA] add authentication from sync_result via vxr-pp-oms_7500 @ rvd.raitcp.tport.4, state reanimated, count=2
1022 00:23:36.817  vxr-pp-strategy_7500.3 [fTJ/tXnsXcU20ggg+6Mz3g] add authentication from sync_result via vxr-pp-oms_7500 @ rvd.raitcp.tport.4, state new, count=1
1022 00:23:36.841  vxr-pp-raicache02_7500.1 no route, primary tport 4
1022 00:23:37.102  vxr-pp-procs_7500.4 [LJMkjwc5gWyQ0FLyottsGg] add authentication from sync_result via vxr-pp-oms_7500 @ rvd.raitcp.tport.4, state new, count=1
1022 00:23:37.112  vxr-pp-tsmqry_7500.5 [8o2pmyKlF36EsD6WMAlBvg] add authentication from sync_result via vxr-pp-oms_7500 @ rvd.raitcp.tport.4, state new, count=1
1022 00:23:37.122  vxr-pp-qs_7500.6 [aLedVBxKqVU0bUdRhDH0tQ] add authentication from sync_result via vxr-pp-oms_7500 @ rvd.raitcp.tport.4, state new, count=1
1022 00:23:37.182  vxr-pp-raicache02_7500.1 no route, primary tport 4
1022 00:23:38.240  vxr-pp-raicache02_7500.1 no route, primary tport 4
1022 00:23:38.726  start_network:        service 9410, ""
1022 00:23:38.726  start_network:        service 9600, ""
1022 00:23:38.726  start_network:        service 9411, ""
1022 00:23:38.731  start_network:        service 9500, ""
1022 00:23:38.731  start_network:        service 9400, ""
1022 00:23:38.731  start_network:        service 9401, ""
1022 00:23:39.270  raimesh.3 connect clear 10.126.5.57:7100 ev_tcp_tport_client using rvd.raimesh.3 fd 35
1022 00:23:39.270  raimesh.3 disconnected 10.126.5.57:7100 (Sock error=5/ERR_BAD_READ, read failed fd=35 state=0 name=rvd.raimesh.tcp_conn.3 peer=10.126.5.57:7100 errno=111/Connection refused)
1022 00:23:39.270  reconnect in 5 seconds
1022 00:23:39.270  reconnect timer running (on_shutdown)
1022 00:23:39.718  start_network:        service 9001, ""
1022 00:23:40.300  vxr-pp-raicache02_7500.1 no route, primary tport 4
1022 00:23:41.840  vxr-pp-raicache02_7500.1 adjacency request timeout (raitcp.4 vxr-pp-oms_7500.2@tcp://10.126.5.50:47630)
1022 00:23:41.890  vxr-pp-raicache02_7500.1 no route, primary tport 4
1022 00:23:41.973  raitcp.1 connect clear 10.126.5.52:54762 ev_tcp_tport using rvd.raitcp fd 39
1022 00:23:41.973  raitcp.5 add_tcp_accept
1022 00:23:42.031  vxr-pp-raicache02_7500.1 no route, primary tport 4
1022 00:23:42.171  vxr-pp-raicache02_7500.1 no route, primary tport 4
1022 00:23:43.163  vxr-pp-raicache02_7500.1 [3Fy/HqQzhKwxZtkVw8NpEA] remove auth dropped 
1022 00:23:43.211  network converges 1.234 secs, 5 uids authenticated, adv_cost
1022 00:23:44.274  raimesh.3 connect clear 10.126.5.57:7100 ev_tcp_tport_client using rvd.raimesh.3 fd 41
1022 00:23:44.274  raimesh.3 disconnected 10.126.5.57:7100 (Sock error=5/ERR_BAD_READ, read failed fd=41 state=0 name=rvd.raimesh.tcp_conn.3 peer=10.126.5.57:7100 errno=111/Connection refused)
1022 00:23:44.274  reconnect in 7 seconds
1022 00:23:44.274  reconnect timer running (on_shutdown)
1022 00:23:46.901  network converges 0.042 secs, 5 uids authenticated, adj_change
1022 00:23:47.074  vxr-pp-oms_7500.2 _I.3+Xo4cQYPciUNS9lWSg5Ig.ping missing inbox seqno 11 -> 13 (rvd.raitcp.tport.4)
1022 00:23:51.276  raimesh.3 connect clear 10.126.5.57:7100 ev_tcp_tport_client using rvd.raimesh.3 fd 41
1022 00:23:51.276  raimesh.3 disconnected 10.126.5.57:7100 (Sock error=5/ERR_BAD_READ, read failed fd=41 state=0 name=rvd.raimesh.tcp_conn.3 peer=10.126.5.57:7100 errno=111/Connection refused)
1022 00:23:51.276  reconnect failed (on_shutdown)
1022 00:23:56.751  network converges 0.042 secs, 5 uids authenticated, adj_change
1022 00:24:06.601  network converges 0.042 secs, 5 uids authenticated, adj_change
1022 00:24:16.451  network converges 0.042 secs, 5 uids authenticated, adj_change
=--=--=--=
Sat Oct 22 00:27:26 2022
UTC offset: 2:00 (CEST)
PID: 4117715, ms_server version: 1.13.0-48
=--=--=--=
1022 00:27:26.185! unable to mlock() memory, ulimit -l (12/Cannot allocate memory)
1022 00:27:26.189  raitcp.1 raitcp listening on [::]:6100
1022 00:27:26.189  raimesh.2 raimesh listening on [::]:7100
1022 00:27:26.189  raimesh.2 add_mesh_connect tcp://vxr-pp-raicache01:7100 (2794d93) tcp://vxr-pp-raicache02:7100 (36c58649)
1022 00:27:26.189  raimesh.2 not connecting to self (tcp://vxr-pp-raicache01:7100)
1022 00:27:26.189  raimesh.3 connect clear 10.126.5.57:7100 ev_tcp_tport_client using rvd.raimesh.3 fd 17
1022 00:27:26.189  ipc.0 rvd listening on [::]:7500
1022 00:27:26.189  web: web start listening on [::]:7580
1022 00:27:26.189  service rvd key pair loaded
1022 00:27:26.189  transient user vxr-pp-raicache01_7500 created
1022 00:27:26.189  session vxr-pp-raicache01_7500.rvd[hZYrosBeh58YEvatBEYzmw] started, start time 1666391246.175277295
1022 00:27:26.189  running background deamon PID: 4117717
1022 00:27:26.189  pub-window-size: 4194304 bytes
1022 00:27:26.189  sub-window-size: 4194304 bytes
1022 00:27:26.189  pub-window-time: 10 secs
1022 00:27:26.189  sub-window-time: 10 secs
1022 00:27:26.189  heartbeat: 10 secs
1022 00:27:26.189  reliability: 15 secs
1022 00:27:26.189  vxr-pp-raicache02_7500.1 set_mesh( tcp://vxr-pp-raicache02:7100, tport=rvd.raimesh.tport.3, hash=36c58649 )
1022 00:27:26.189  vxr-pp-raicache02_7500.1 i_am false oldest true
1022 00:27:26.189  vxr-pp-raicache02_7500.1 version matches 1.13.0-48
1022 00:27:26.189  vxr-pp-raicache02_7500.1 auth msg verified with service rvd public key
1022 00:27:26.189  vxr-pp-raicache02_7500.1 [sYlurgs2MZvyWjE4W2JL3w] add authentication from hello via challenge @ rvd.raimesh.tport.3, state new, count=1
1022 00:27:26.189  vxr-pp-strategy_7500.2 [fTJ/tXnsXcU20ggg+6Mz3g] add authentication from sync_result via vxr-pp-raicache02_7500 @ rvd.raimesh.tport.3, state new, count=1
1022 00:27:26.205  network converges 0.015 secs, 2 uids authenticated, adj_update
1022 00:27:29.770  raitcp.1 connect clear 10.126.5.52:54948 ev_tcp_tport using rvd.raitcp fd 20
1022 00:27:29.770  raitcp.4 add_tcp_accept
1022 00:27:29.794  network converges 0.018 secs, 2 uids authenticated, adv_cost
1022 00:27:29.815  network converges 0.019 secs, 2 uids authenticated, adj_change
1022 00:27:33.713  start_network:        service 9000, ""
1022 00:27:33.719  start_network:        service 9001, ""
1022 00:27:35.735  start_network:        service 9401, ""
1022 00:27:35.735  start_network:        service 9411, ""
1022 00:27:35.735  start_network:        service 9410, ""
1022 00:27:35.735  start_network:        service 9400, ""
1022 00:27:35.735  start_network:        service 9600, ""
1022 00:27:35.735  start_network:        service 9500, ""
1022 00:30:17.988  vxr-pp-procs_7500.3 [FNuu+qcnz8ixCwZdWmeW9A] add authentication from sync_result via vxr-pp-strategy_7500 @ rvd.raitcp.tport.4, state new, count=1
1022 00:30:18.015  network converges 0.026 secs, 3 uids authenticated, adj_change
1022 00:30:18.055  network converges 0.029 secs, 3 uids authenticated, adj_change
1022 00:30:21.975  network converges 0.030 secs, 3 uids authenticated, adj_change
1022 00:30:22.005  network converges 0.029 secs, 3 uids authenticated, adj_change
1022 00:30:47.046  vxr-pp-tsmqry_7500.4 [QtIjRLzMG9mH+Mc1JK9VjQ] add authentication from sync_result via vxr-pp-strategy_7500 @ rvd.raitcp.tport.4, state new, count=1
1022 00:30:47.116  network converges 0.032 secs, 4 uids authenticated, adj_change
1022 00:30:47.216  network converges 0.088 secs, 4 uids authenticated, adj_change
1022 00:30:52.175  vxr-pp-tsmqry_7500.4 adjacency request timeout (raitcp.4 vxr-pp-strategy_7500.2@tcp://10.126.5.52:54948)
1022 00:30:52.205  network converges 5.078 secs, 4 uids authenticated, adj_change
1022 00:30:52.335  network converges 0.031 secs, 4 uids authenticated, adj_change
1022 00:30:52.375  vxr-pp-qs_7500.5 [nsd8nJYHmUmuD7uqlYC9fQ] add authentication from sync_result via vxr-pp-raicache02_7500 @ rvd.raimesh.tport.3, state new, count=1
1022 00:30:52.425  network converges 0.049 secs, 5 uids authenticated, adj_update
1022 00:30:52.425  vxr-pp-qs_7500.5 old primary route is tport rvd.raimesh.tport.3(d=13000), using route rvd.raitcp.tport.4(d=2100)
1022 00:30:52.595  network converges 0.049 secs, 5 uids authenticated, adj_change
1022 00:30:55.595  network converges 0.047 secs, 5 uids authenticated, adj_change
1022 00:30:55.655  network converges 0.049 secs, 5 uids authenticated, adj_change
1022 00:30:57.476  vxr-pp-qs_7500.5 adjacency request timeout (raitcp.4 vxr-pp-strategy_7500.2@tcp://10.126.5.52:54948)
1022 00:30:57.516  network converges 1.909 secs, 5 uids authenticated, adj_change
1022 00:30:58.865  network converges 0.043 secs, 5 uids authenticated, adj_change
1022 00:30:58.935  network converges 0.049 secs, 5 uids authenticated, adj_change
1022 00:30:58.985  network converges 0.046 secs, 5 uids authenticated, adj_change
1022 00:31:02.295  network converges 0.049 secs, 5 uids authenticated, adj_change
1022 00:31:02.345  network converges 0.044 secs, 5 uids authenticated, adj_change
1022 00:31:05.475  network converges 0.049 secs, 5 uids authenticated, adj_change
1022 00:31:05.535  network converges 0.049 secs, 5 uids authenticated, adj_change
1022 00:31:08.756  network converges 0.049 secs, 5 uids authenticated, adj_change
1022 00:31:08.816  network converges 0.045 secs, 5 uids authenticated, adj_change
